<?xml version="1.0" encoding="UTF-8"?>
<testng-results ignored="0" total="1" passed="1" failed="0" skipped="0">
  <reporter-output>
  </reporter-output>
  <suite started-at="2022-12-17T15:43:11 EST" name="Suite" finished-at="2022-12-17T15:43:11 EST" duration-ms="50">
    <groups>
    </groups>
    <test started-at="2022-12-17T15:43:11 EST" name="Test" finished-at="2022-12-17T15:43:11 EST" duration-ms="50">
      <class name="LaunchBrowser">
        <test-method is-config="true" signature="beforeSuite()[pri:0, instance:LaunchBrowser@20140db9]" started-at="2022-12-17T15:43:02 EST" name="beforeSuite" finished-at="2022-12-17T15:43:11 EST" duration-ms="9314" status="PASS">
          <reporter-output>
          </reporter-output>
        </test-method> <!-- beforeSuite -->
        <test-method signature="f()[pri:0, instance:LaunchBrowser@20140db9]" started-at="2022-12-17T15:43:11 EST" name="f" finished-at="2022-12-17T15:43:11 EST" duration-ms="14" status="PASS">
          <reporter-output>
          </reporter-output>
        </test-method> <!-- f -->
        <test-method is-config="true" signature="afterSuite()[pri:0, instance:LaunchBrowser@20140db9]" started-at="2022-12-17T15:43:11 EST" name="afterSuite" finished-at="2022-12-17T15:43:11 EST" duration-ms="214" status="PASS">
          <reporter-output>
          </reporter-output>
        </test-method> <!-- afterSuite -->
      </class> <!-- LaunchBrowser -->
    </test> <!-- Test -->
  </suite> <!-- Suite -->
</testng-results>
